<?xml version="1.0" encoding="UTF-8"?>
<testng-results ignored="0" total="1" passed="1" failed="0" skipped="0">
  <reporter-output>
  </reporter-output>
  <suite started-at="2023-09-22T20:16:40 SAST" name="Default suite" finished-at="2023-09-22T20:16:46 SAST" duration-ms="6362">
    <groups>
    </groups>
    <test started-at="2023-09-22T20:16:40 SAST" name="Default test" finished-at="2023-09-22T20:16:46 SAST" duration-ms="6362">
      <class name="RestAssuredApiTest">
        <test-method signature="TestApi()[pri:0, instance:RestAssuredApiTest@14555e0a]" started-at="2023-09-22T20:16:40 SAST" name="TestApi" finished-at="2023-09-22T20:16:46 SAST" duration-ms="6302" status="PASS">
          <reporter-output>
          </reporter-output>
        </test-method> <!-- TestApi -->
      </class> <!-- RestAssuredApiTest -->
    </test> <!-- Default test -->
  </suite> <!-- Default suite -->
</testng-results>
